Sat Dec 10 19:33:00 2022 Error: Cound not open leaderboard.txt LOCATION: leader_board()
Sat Dec 10 19:49:00 2022 Error: Cound not open leaderboard.txt LOCATION: leader_board()
Sat Dec 10 19:49:28 2022 Error: Cound not open leaderboard.txt LOCATION: leader_board()
Sat Dec 10 19:49:56 2022 Error: Cound not open leaderboard.txt LOCATION: leader_board()
Sat Dec 10 19:50:26 2022 Error: Cound not open leaderboard.txt LOCATION: leader_board()
Sat Dec 10 19:54:13 2022 Error: File cs5001 does not exist LOCATION: load_file()
Sat Dec 10 19:55:26 2022 Error: Unable to process the puzzle file (invalid # of puzzles) LOCATION: load_file() 
Sat Dec 10 20:01:17 2022 Error: Cound not open leaderboard.txt LOCATION: leader_board()
Sat Dec 10 20:02:04 2022 Error: Cound not open leaderboard.txt LOCATION: leader_board()
Sat Dec 10 20:02:50 2022 Error: Cound not open leaderboard.txt LOCATION: leader_board()
Sat Dec 10 20:03:24 2022 Error: File abcde does not exist LOCATION: load_file()
Sat Dec 10 20:03:50 2022 Error: Unable to process the puzzle file (invalid # of puzzles) LOCATION: load_file()
Sat Dec 10 20:05:04 2022 Error: Unable to process the puzzle file LOCATION: load_file()
Sat Dec 10 20:11:08 2022 Error: File None does not exist LOCATION: load_file()
Sat Dec 10 20:11:52 2022 Error: Unable to process the puzzle file LOCATION: load_file()
Sat Dec 10 20:17:20 2022 Error: Unable to process the puzzle file LOCATION: load_file()
Sat Dec 10 20:18:11 2022 Error: Unable to process the puzzle file LOCATION: load_file()
Sat Dec 10 20:23:04 2022 Error: Unable to process the puzzle file LOCATION: load_file()
Sat Dec 10 20:24:21 2022 Error: Unable to process the puzzle file LOCATION: load_file()
Sat Dec 10 20:26:10 2022 Error: Unable to process the puzzle file LOCATION: load_file()
Sat Dec 10 20:28:01 2022 Error: Unable to process the puzzle file LOCATION: load_file()
Sat Dec 10 20:29:57 2022 Error: Unable to process the puzzle file LOCATION: load_file()
Sat Dec 10 20:32:16 2022 Error: Unable to process the puzzle file LOCATION: load_file()
Sat Dec 10 20:35:27 2022 Error: File None does not exist LOCATION: load_file()
Sat Dec 10 20:45:27 2022 Error: File None does not exist LOCATION: load_file()
Sat Dec 10 20:47:28 2022 Error: More than 10 puzzle files (showing first 10) LOCATION: check_puzzle_file()
Sat Dec 10 20:47:40 2022 Error: File None does not exist LOCATION: load_file()
Sat Dec 10 20:48:56 2022 Error: More than 10 puzzle files (showing first 10) LOCATION: check_puzzle_file()
Sat Dec 10 20:49:12 2022 Error: File  does not exist LOCATION: load_file()
Sat Dec 10 20:50:34 2022 Error: More than 10 puzzle files (showing first 10) LOCATION: check_puzzle_file()
Sat Dec 10 20:50:43 2022 Error: File None does not exist LOCATION: load_file()
Sat Dec 10 20:54:38 2022 Error: More than 10 puzzle files (showing first 10) LOCATION: check_puzzle_file()
Sat Dec 10 20:55:04 2022 Error: File  does not exist LOCATION: load_file()
Sat Dec 10 20:57:03 2022 Error: More than 10 puzzle files (showing first 10) LOCATION: check_puzzle_file()
Sat Dec 10 20:57:19 2022 Error: File  does not exist LOCATION: load_file()
Sat Dec 10 21:00:55 2022 Error: File  does not exist LOCATION: load_file()
Sat Dec 10 21:03:51 2022 Error: Cound not open leaderboard.txt LOCATION: leader_board()
Sat Dec 10 21:07:00 2022 Error: Cound not open leaderboard.txt LOCATION: leader_board()
Sat Dec 10 21:07:07 2022 Error: File None does not exist LOCATION: load_file()
Sat Dec 10 21:07:18 2022 Error: File None does not exist LOCATION: load_file()
Sat Dec 10 21:11:13 2022 Error: File None does not exist LOCATION: load_file()
Sat Dec 10 21:12:23 2022 Error: File None does not exist LOCATION: load_file()
Sat Dec 10 21:15:36 2022 Error: File None does not exist LOCATION: load_file()
Sat Dec 10 21:15:51 2022 Error: File mm does not exist LOCATION: load_file()
Sat Dec 10 21:17:25 2022 Error: File jj does not exist LOCATION: load_file()
Sat Dec 10 21:17:33 2022 Error: File None does not exist LOCATION: load_file()
Sat Dec 10 21:18:15 2022 Error: File None does not exist LOCATION: load_file()
Sat Dec 10 21:21:45 2022 Error: File None does not exist LOCATION: load_file()
Sat Dec 10 21:23:20 2022 Error: Unable to process the puzzle file (invalid # of puzzles) LOCATION: load_file()
Sat Dec 10 21:23:23 2022 Error: File  does not exist LOCATION: load_file()
Sat Dec 10 21:35:43 2022 Error: File kkkk does not exist LOCATION: load_file()
Sat Dec 10 21:37:23 2022 Error: Cound not open leaderboard.txt LOCATION: leader_board()
Sat Dec 10 21:37:40 2022 Error: Cound not open leaderboard.txt LOCATION: leader_board()
